<persistence xmlns="http://xmlns.jcp.org/xml/ns/persistence"
             xmlns:xsi="http://www.w3.org/2001/XMLSchema-instance"
             xsi:schemaLocation="http://xmlns.jcp.org/xml/ns/persistence http://xmlns.jcp.org/xml/ns/persistence/persistence_2_1.xsd"
             version="2.1">

    <persistence-unit name="h2-hibernate">
        <provider>org.hibernate.jpa.HibernatePersistenceProvider</provider>
        <jta-data-source>jdbc/arquillian</jta-data-source>
        <properties>
            <property name="hibernate.hbm2ddl.auto" value="create"/>
            <property name="hibernate.show_sql" value="true"/>
            <property
                    name="hibernate.enable_lazy_load_no_trans"
                    value="true"/>
        </properties>
    </persistence-unit>

<!--    <persistence-unit name="h2-eclipselink">
        <provider>org.eclipse.persistence.jpa.PersistenceProvider</provider>
        <jta-data-source>jdbc/arquillian</jta-data-source>
        <exclude-unlisted-classes>false</exclude-unlisted-classes>
        <properties>
            <property name="eclipselink.ddl-generation" value="drop-and-create-tables" />
        </properties>
    </persistence-unit>-->
</persistence>